<?xml version="1.0" encoding="UTF-8"?>
<testsuites name="jest tests" tests="1" failures="0" errors="0" time="0.867">
  <testsuite name="Monitor Component" errors="0" failures="0" skipped="0" timestamp="2025-06-26T11:51:28" time="0.495" tests="1">
    <testcase classname="Monitor Component connects to WebSocket and displays a message in the table" name="Monitor Component connects to WebSocket and displays a message in the table" time="0.071">
    </testcase>
  </testsuite>
</testsuites>